<?xml version="1.0" encoding="UTF-8"?>
<testng-results skipped="0" failed="0" ignored="0" total="1" passed="1">
  <reporter-output>
  </reporter-output>
  <suite name="Default suite" duration-ms="9157" started-at="2017-04-15T10:38:38Z" finished-at="2017-04-15T10:38:47Z">
    <groups>
    </groups>
    <test name="Default test" duration-ms="9157" started-at="2017-04-15T10:38:38Z" finished-at="2017-04-15T10:38:47Z">
      <class name="com.qtpselenium.core.ddf.testcases.DummyTestB">
        <test-method status="PASS" signature="TestB()[pri:0, instance:com.qtpselenium.core.ddf.testcases.DummyTestB@77be656f]" name="TestB" duration-ms="8480" started-at="2017-04-15T16:08:38Z" finished-at="2017-04-15T16:08:46Z">
          <reporter-output>
          </reporter-output>
        </test-method> <!-- TestB -->
        <test-method status="PASS" signature="quit()[pri:0, instance:com.qtpselenium.core.ddf.testcases.DummyTestB@77be656f]" name="quit" is-config="true" duration-ms="646" started-at="2017-04-15T16:08:46Z" finished-at="2017-04-15T16:08:47Z">
          <reporter-output>
          </reporter-output>
        </test-method> <!-- quit -->
      </class> <!-- com.qtpselenium.core.ddf.testcases.DummyTestB -->
    </test> <!-- Default test -->
  </suite> <!-- Default suite -->
</testng-results>
