<?xml version="1.0" encoding="UTF-8"?>
<testng-results skipped="0" failed="0" ignored="0" total="1" passed="1">
  <reporter-output>
  </reporter-output>
  <suite name="Default suite" duration-ms="39" started-at="2017-04-13T16:58:12Z" finished-at="2017-04-13T16:58:12Z">
    <groups>
    </groups>
    <test name="Default test" duration-ms="39" started-at="2017-04-13T16:58:12Z" finished-at="2017-04-13T16:58:12Z">
      <class name="testng_listeners.LoginTest">
        <test-method status="PASS" signature="Login()[pri:0, instance:testng_listeners.LoginTest@458ad742]" name="Login" duration-ms="14" started-at="2017-04-13T22:28:12Z" finished-at="2017-04-13T22:28:12Z">
          <reporter-output>
          </reporter-output>
        </test-method> <!-- Login -->
      </class> <!-- testng_listeners.LoginTest -->
    </test> <!-- Default test -->
  </suite> <!-- Default suite -->
</testng-results>
