<?xml version="1.0" encoding="UTF-8"?>
<testng-results skipped="0" failed="0" ignored="0" total="8" passed="8">
  <reporter-output>
  </reporter-output>
  <suite name="Default suite" duration-ms="58" started-at="2017-04-29T08:42:00Z" finished-at="2017-04-29T08:42:00Z">
    <groups>
    </groups>
    <test name="Default test" duration-ms="58" started-at="2017-04-29T08:42:00Z" finished-at="2017-04-29T08:42:00Z">
      <class name="testcases.Testcases">
        <test-method status="PASS" signature="testa(java.lang.String, java.lang.String, java.lang.String)[pri:1, instance:testcases.Testcases@5afa04c]" name="testa" duration-ms="10" started-at="2017-04-29T14:12:00Z" data-provider="Sampledata" finished-at="2017-04-29T14:12:00Z">
          <params>
            <param index="0">
              <value>
                <![CDATA[U1]]>
              </value>
            </param>
            <param index="1">
              <value>
                <![CDATA[P1]]>
              </value>
            </param>
            <param index="2">
              <value>
                <![CDATA[123@gmail.com]]>
              </value>
            </param>
          </params>
          <reporter-output>
          </reporter-output>
        </test-method> <!-- testa -->
        <test-method status="PASS" signature="testa(java.lang.String, java.lang.String, java.lang.String)[pri:1, instance:testcases.Testcases@5afa04c]" name="testa" duration-ms="2" started-at="2017-04-29T14:12:00Z" data-provider="Sampledata" finished-at="2017-04-29T14:12:00Z">
          <params>
            <param index="0">
              <value>
                <![CDATA[U2]]>
              </value>
            </param>
            <param index="1">
              <value>
                <![CDATA[P2]]>
              </value>
            </param>
            <param index="2">
              <value>
                <![CDATA[456@gmail.com]]>
              </value>
            </param>
          </params>
          <reporter-output>
          </reporter-output>
        </test-method> <!-- testa -->
        <test-method status="PASS" signature="testb(java.lang.String, java.lang.String, java.lang.String)[pri:2, instance:testcases.Testcases@5afa04c]" name="testb" duration-ms="1" started-at="2017-04-29T14:12:00Z" data-provider="Sampledata" finished-at="2017-04-29T14:12:00Z">
          <params>
            <param index="0">
              <value>
                <![CDATA[U1]]>
              </value>
            </param>
            <param index="1">
              <value>
                <![CDATA[P1]]>
              </value>
            </param>
            <param index="2">
              <value>
                <![CDATA[123@gmail.com]]>
              </value>
            </param>
          </params>
          <reporter-output>
          </reporter-output>
        </test-method> <!-- testb -->
        <test-method status="PASS" signature="testb(java.lang.String, java.lang.String, java.lang.String)[pri:2, instance:testcases.Testcases@5afa04c]" name="testb" duration-ms="1" started-at="2017-04-29T14:12:00Z" data-provider="Sampledata" finished-at="2017-04-29T14:12:00Z">
          <params>
            <param index="0">
              <value>
                <![CDATA[U2]]>
              </value>
            </param>
            <param index="1">
              <value>
                <![CDATA[P2]]>
              </value>
            </param>
            <param index="2">
              <value>
                <![CDATA[456@gmail.com]]>
              </value>
            </param>
          </params>
          <reporter-output>
          </reporter-output>
        </test-method> <!-- testb -->
        <test-method status="PASS" signature="testA(java.lang.String, java.lang.String, java.lang.String)[pri:3, instance:testcases.Testcases@5afa04c]" name="testA" duration-ms="1" started-at="2017-04-29T14:12:00Z" data-provider="Sampleielsedata" finished-at="2017-04-29T14:12:00Z">
          <params>
            <param index="0">
              <value>
                <![CDATA[U11]]>
              </value>
            </param>
            <param index="1">
              <value>
                <![CDATA[P11]]>
              </value>
            </param>
            <param index="2">
              <value>
                <![CDATA[11@gmail.com]]>
              </value>
            </param>
          </params>
          <reporter-output>
          </reporter-output>
        </test-method> <!-- testA -->
        <test-method status="PASS" signature="testA(java.lang.String, java.lang.String, java.lang.String)[pri:3, instance:testcases.Testcases@5afa04c]" name="testA" duration-ms="1" started-at="2017-04-29T14:12:00Z" data-provider="Sampleielsedata" finished-at="2017-04-29T14:12:00Z">
          <params>
            <param index="0">
              <value>
                <![CDATA[U22]]>
              </value>
            </param>
            <param index="1">
              <value>
                <![CDATA[P22]]>
              </value>
            </param>
            <param index="2">
              <value>
                <![CDATA[22@gmail.com]]>
              </value>
            </param>
          </params>
          <reporter-output>
          </reporter-output>
        </test-method> <!-- testA -->
        <test-method status="PASS" signature="testB(java.lang.String, java.lang.String, java.lang.String)[pri:4, instance:testcases.Testcases@5afa04c]" name="testB" duration-ms="1" started-at="2017-04-29T14:12:00Z" data-provider="Sampleielsedata" finished-at="2017-04-29T14:12:00Z">
          <params>
            <param index="0">
              <value>
                <![CDATA[U33]]>
              </value>
            </param>
            <param index="1">
              <value>
                <![CDATA[P33]]>
              </value>
            </param>
            <param index="2">
              <value>
                <![CDATA[33@gmail.com]]>
              </value>
            </param>
          </params>
          <reporter-output>
          </reporter-output>
        </test-method> <!-- testB -->
        <test-method status="PASS" signature="testB(java.lang.String, java.lang.String, java.lang.String)[pri:4, instance:testcases.Testcases@5afa04c]" name="testB" duration-ms="1" started-at="2017-04-29T14:12:00Z" data-provider="Sampleielsedata" finished-at="2017-04-29T14:12:00Z">
          <params>
            <param index="0">
              <value>
                <![CDATA[U44]]>
              </value>
            </param>
            <param index="1">
              <value>
                <![CDATA[P44]]>
              </value>
            </param>
            <param index="2">
              <value>
                <![CDATA[44@gmail.com]]>
              </value>
            </param>
          </params>
          <reporter-output>
          </reporter-output>
        </test-method> <!-- testB -->
      </class> <!-- testcases.Testcases -->
    </test> <!-- Default test -->
  </suite> <!-- Default suite -->
</testng-results>
