<?xml version="1.0" encoding="UTF-8"?>
<testng-results skipped="0" failed="0" ignored="0" total="2" passed="2">
  <reporter-output>
  </reporter-output>
  <suite name="My Sample Suite" duration-ms="207" started-at="2017-04-13T20:26:13Z" finished-at="2017-04-13T20:26:13Z">
    <groups>
    </groups>
    <test name="AppTest" duration-ms="41" started-at="2017-04-13T20:26:13Z" finished-at="2017-04-13T20:26:13Z">
      <class name="com.learntestng.learntestng.AppTest">
        <test-method status="PASS" signature="sendMail()[pri:0, instance:com.learntestng.learntestng.AppTest@475530b9]" name="sendMail" duration-ms="11" started-at="2017-04-14T01:56:13Z" finished-at="2017-04-14T01:56:13Z">
          <reporter-output>
          </reporter-output>
        </test-method> <!-- sendMail -->
      </class> <!-- com.learntestng.learntestng.AppTest -->
    </test> <!-- AppTest -->
    <test name="SampleTest" duration-ms="7" started-at="2017-04-13T20:26:13Z" finished-at="2017-04-13T20:26:13Z">
      <class name="com.learntestng.learntestng.SampleTest">
        <test-method status="PASS" signature="SampleTest()[pri:0, instance:com.learntestng.learntestng.SampleTest@685cb137]" name="SampleTest" duration-ms="2" started-at="2017-04-14T01:56:13Z" finished-at="2017-04-14T01:56:13Z">
          <reporter-output>
          </reporter-output>
        </test-method> <!-- SampleTest -->
      </class> <!-- com.learntestng.learntestng.SampleTest -->
    </test> <!-- SampleTest -->
  </suite> <!-- My Sample Suite -->
</testng-results>
