<?xml version="1.0" encoding="UTF-8"?>
<!-- Generated by org.testng.reporters.JUnitXMLReporter -->
<testsuite hostname="Pranab" ignored="0" name="LoginTest" tests="3" failures="0" timestamp="13 Apr 2017 07:07:58 GMT" time="0.006" errors="0">
  <testcase name="doLoginTest" time="0.0" classname="TestCases.LoginTest"/>
  <testcase name="doLoginTest" time="0.0" classname="TestCases.LoginTest"/>
  <testcase name="doLoginTest" time="0.0" classname="TestCases.LoginTest"/>
</testsuite> <!-- LoginTest -->
