<?xml version="1.0" encoding="UTF-8"?>
<testng-results skipped="0" failed="0" ignored="0" total="3" passed="3">
  <reporter-output>
  </reporter-output>
  <suite name="Default suite" duration-ms="18794" started-at="2017-04-12T11:46:08Z" finished-at="2017-04-12T11:46:26Z">
    <groups>
    </groups>
    <test name="Default test" duration-ms="18794" started-at="2017-04-12T11:46:08Z" finished-at="2017-04-12T11:46:26Z">
      <class name="LaunchBrowsers">
        <test-method status="PASS" signature="launch(java.lang.String, java.lang.String)[pri:0, instance:LaunchBrowsers@475530b9]" name="launch" duration-ms="8079" started-at="2017-04-12T17:16:08Z" data-provider="getdata" finished-at="2017-04-12T17:16:16Z">
          <params>
            <param index="0">
              <value>
                <![CDATA[Chrome]]>
              </value>
            </param>
            <param index="1">
              <value>
                <![CDATA[user1]]>
              </value>
            </param>
          </params>
          <reporter-output>
          </reporter-output>
        </test-method> <!-- launch -->
        <test-method status="PASS" signature="launch(java.lang.String, java.lang.String)[pri:0, instance:LaunchBrowsers@475530b9]" name="launch" duration-ms="7555" started-at="2017-04-12T17:16:16Z" data-provider="getdata" finished-at="2017-04-12T17:16:23Z">
          <params>
            <param index="0">
              <value>
                <![CDATA[Morzilla]]>
              </value>
            </param>
            <param index="1">
              <value>
                <![CDATA[user2]]>
              </value>
            </param>
          </params>
          <reporter-output>
          </reporter-output>
        </test-method> <!-- launch -->
        <test-method status="PASS" signature="launch(java.lang.String, java.lang.String)[pri:0, instance:LaunchBrowsers@475530b9]" name="launch" duration-ms="3115" started-at="2017-04-12T17:16:23Z" data-provider="getdata" finished-at="2017-04-12T17:16:26Z">
          <params>
            <param index="0">
              <value>
                <![CDATA[Internet Explorer]]>
              </value>
            </param>
            <param index="1">
              <value>
                <![CDATA[user3]]>
              </value>
            </param>
          </params>
          <reporter-output>
          </reporter-output>
        </test-method> <!-- launch -->
      </class> <!-- LaunchBrowsers -->
    </test> <!-- Default test -->
  </suite> <!-- Default suite -->
</testng-results>
