<?xml version="1.0" encoding="UTF-8"?>
<testng-results skipped="0" failed="0" ignored="0" total="3" passed="3">
  <reporter-output>
  </reporter-output>
  <suite name="Default suite" duration-ms="2416" started-at="2017-04-26T09:37:55Z" finished-at="2017-04-26T09:37:57Z">
    <groups>
    </groups>
    <test name="Default test" duration-ms="2416" started-at="2017-04-26T09:37:55Z" finished-at="2017-04-26T09:37:57Z">
      <class name="TestA">
        <test-method status="PASS" signature="testA(java.util.Hashtable)[pri:0, instance:TestA@685cb137]" name="testA" duration-ms="86" started-at="2017-04-26T15:07:57Z" data-provider="getData" finished-at="2017-04-26T15:07:57Z">
          <params>
            <param index="0">
              <value>
                <![CDATA[{Col4=x, Col3=A3, Col2=A2, Col1=A1, Runmode=Y}]]>
              </value>
            </param>
          </params>
          <reporter-output>
          </reporter-output>
        </test-method> <!-- testA -->
        <test-method status="PASS" signature="testA(java.util.Hashtable)[pri:0, instance:TestA@685cb137]" name="testA" duration-ms="1" started-at="2017-04-26T15:07:57Z" data-provider="getData" finished-at="2017-04-26T15:07:57Z">
          <params>
            <param index="0">
              <value>
                <![CDATA[{Col4=y, Col3=A6, Col2=A5, Col1=A4, Runmode=N}]]>
              </value>
            </param>
          </params>
          <reporter-output>
          </reporter-output>
        </test-method> <!-- testA -->
        <test-method status="PASS" signature="testA(java.util.Hashtable)[pri:0, instance:TestA@685cb137]" name="testA" duration-ms="1" started-at="2017-04-26T15:07:57Z" data-provider="getData" finished-at="2017-04-26T15:07:57Z">
          <params>
            <param index="0">
              <value>
                <![CDATA[{Col4=z, Col3=A9, Col2=A8, Col1=A7, Runmode=Y}]]>
              </value>
            </param>
          </params>
          <reporter-output>
          </reporter-output>
        </test-method> <!-- testA -->
      </class> <!-- TestA -->
    </test> <!-- Default test -->
  </suite> <!-- Default suite -->
</testng-results>
